{"@timestamp":"2025-07-09T22:41:33.810Z","ecs.version":"1.2.0","log.level":"INFO","message":"Detected Java version 17.0.6","process.thread.name":"main","log.logger":"com.tngtech.archunit.core.PluginLoader"}
{"@timestamp":"2025-07-09T22:41:36.905Z","ecs.version":"1.2.0","log.level":"INFO","message":"HV000001: Hibernate Validator 8.0.2.Final","process.thread.name":"background-preinit","log.logger":"org.hibernate.validator.internal.util.Version"}
{"@timestamp":"2025-07-09T22:41:37.070Z","ecs.version":"1.2.0","log.level":"INFO","message":"Starting MyApplication using Java 17.0.6 with PID 900 (D:\\ReservationSystem\\Reservation-System\\Reservation System\\target\\classes started by losmelli in D:\\ReservationSystem\\Reservation-System\\Reservation System)","process.thread.name":"main","log.logger":"com.sz.reservation.MyApplication"}
{"@timestamp":"2025-07-09T22:41:37.073Z","ecs.version":"1.2.0","log.level":"INFO","message":"The following 2 profiles are active: \"test\", \"default\"","process.thread.name":"main","log.logger":"com.sz.reservation.MyApplication"}
{"@timestamp":"2025-07-09T22:41:39.190Z","ecs.version":"1.2.0","log.level":"INFO","message":"Tomcat initialized with port 8080 (http)","process.thread.name":"main","log.logger":"org.springframework.boot.web.embedded.tomcat.TomcatWebServer"}
{"@timestamp":"2025-07-09T22:41:39.209Z","ecs.version":"1.2.0","log.level":"INFO","message":"Initializing ProtocolHandler [\"http-nio-8080\"]","process.thread.name":"main","log.logger":"org.apache.coyote.http11.Http11NioProtocol"}
{"@timestamp":"2025-07-09T22:41:39.213Z","ecs.version":"1.2.0","log.level":"INFO","message":"Starting service [Tomcat]","process.thread.name":"main","log.logger":"org.apache.catalina.core.StandardService"}
{"@timestamp":"2025-07-09T22:41:39.213Z","ecs.version":"1.2.0","log.level":"INFO","message":"Starting Servlet engine: [Apache Tomcat/10.1.40]","process.thread.name":"main","log.logger":"org.apache.catalina.core.StandardEngine"}
{"@timestamp":"2025-07-09T22:41:39.314Z","ecs.version":"1.2.0","log.level":"INFO","message":"Initializing Spring embedded WebApplicationContext","process.thread.name":"main","log.logger":"org.apache.catalina.core.ContainerBase.[Tomcat].[localhost].[/]"}
{"@timestamp":"2025-07-09T22:41:39.316Z","ecs.version":"1.2.0","log.level":"INFO","message":"Root WebApplicationContext: initialization completed in 2171 ms","process.thread.name":"main","log.logger":"org.springframework.boot.web.servlet.context.ServletWebServerApplicationContext"}
{"@timestamp":"2025-07-09T22:41:40.053Z","ecs.version":"1.2.0","log.level":"INFO","message":"Database: jdbc:mysql://localhost:3306/listingBcTest (MySQL 8.0)","process.thread.name":"main","log.logger":"org.flywaydb.core.FlywayExecutor"}
{"@timestamp":"2025-07-09T22:41:40.105Z","ecs.version":"1.2.0","log.level":"INFO","message":"Successfully validated 3 migrations (execution time 00:00.031s)","process.thread.name":"main","log.logger":"org.flywaydb.core.internal.command.DbValidate"}
{"@timestamp":"2025-07-09T22:41:40.117Z","ecs.version":"1.2.0","log.level":"INFO","message":"Current version of schema `listingbctest`: 3","process.thread.name":"main","log.logger":"org.flywaydb.core.internal.command.DbMigrate"}
{"@timestamp":"2025-07-09T22:41:40.120Z","ecs.version":"1.2.0","log.level":"INFO","message":"Schema `listingbctest` is up to date. No migration necessary.","process.thread.name":"main","log.logger":"org.flywaydb.core.internal.command.DbMigrate"}
{"@timestamp":"2025-07-09T22:41:40.149Z","ecs.version":"1.2.0","log.level":"INFO","message":"Database: jdbc:mysql://localhost:3306/accountBcTest (MySQL 8.0)","process.thread.name":"main","log.logger":"org.flywaydb.core.FlywayExecutor"}
{"@timestamp":"2025-07-09T22:41:40.160Z","ecs.version":"1.2.0","log.level":"INFO","message":"Successfully validated 2 migrations (execution time 00:00.005s)","process.thread.name":"main","log.logger":"org.flywaydb.core.internal.command.DbValidate"}
{"@timestamp":"2025-07-09T22:41:40.167Z","ecs.version":"1.2.0","log.level":"INFO","message":"Current version of schema `accountbctest`: 2","process.thread.name":"main","log.logger":"org.flywaydb.core.internal.command.DbMigrate"}
{"@timestamp":"2025-07-09T22:41:40.167Z","ecs.version":"1.2.0","log.level":"INFO","message":"Schema `accountbctest` is up to date. No migration necessary.","process.thread.name":"main","log.logger":"org.flywaydb.core.internal.command.DbMigrate"}
{"@timestamp":"2025-07-09T22:41:40.176Z","ecs.version":"1.2.0","log.level":"INFO","message":"HikariPool-1 - Starting...","process.thread.name":"main","log.logger":"com.zaxxer.hikari.HikariDataSource"}
{"@timestamp":"2025-07-09T22:41:40.203Z","ecs.version":"1.2.0","log.level":"INFO","message":"HikariPool-1 - Added connection com.mysql.cj.jdbc.ConnectionImpl@778b75ca","process.thread.name":"main","log.logger":"com.zaxxer.hikari.pool.HikariPool"}
{"@timestamp":"2025-07-09T22:41:40.204Z","ecs.version":"1.2.0","log.level":"INFO","message":"HikariPool-1 - Start completed.","process.thread.name":"main","log.logger":"com.zaxxer.hikari.HikariDataSource"}
{"@timestamp":"2025-07-09T22:41:40.215Z","ecs.version":"1.2.0","log.level":"INFO","message":"HikariPool-2 - Starting...","process.thread.name":"main","log.logger":"com.zaxxer.hikari.HikariDataSource"}
{"@timestamp":"2025-07-09T22:41:40.231Z","ecs.version":"1.2.0","log.level":"INFO","message":"HikariPool-2 - Added connection com.mysql.cj.jdbc.ConnectionImpl@3a6161b7","process.thread.name":"main","log.logger":"com.zaxxer.hikari.pool.HikariPool"}
{"@timestamp":"2025-07-09T22:41:40.231Z","ecs.version":"1.2.0","log.level":"INFO","message":"HikariPool-2 - Start completed.","process.thread.name":"main","log.logger":"com.zaxxer.hikari.HikariDataSource"}
{"@timestamp":"2025-07-09T22:41:40.364Z","ecs.version":"1.2.0","log.level":"INFO","message":"HikariPool-3 - Starting...","process.thread.name":"main","log.logger":"com.zaxxer.hikari.HikariDataSource"}
{"@timestamp":"2025-07-09T22:41:40.381Z","ecs.version":"1.2.0","log.level":"INFO","message":"HikariPool-3 - Added connection com.mysql.cj.jdbc.ConnectionImpl@5cc02df7","process.thread.name":"main","log.logger":"com.zaxxer.hikari.pool.HikariPool"}
{"@timestamp":"2025-07-09T22:41:40.381Z","ecs.version":"1.2.0","log.level":"INFO","message":"HikariPool-3 - Start completed.","process.thread.name":"main","log.logger":"com.zaxxer.hikari.HikariDataSource"}
{"@timestamp":"2025-07-09T22:41:41.173Z","ecs.version":"1.2.0","log.level":"INFO","message":"Starting ProtocolHandler [\"http-nio-8080\"]","process.thread.name":"main","log.logger":"org.apache.coyote.http11.Http11NioProtocol"}
{"@timestamp":"2025-07-09T22:41:41.200Z","ecs.version":"1.2.0","log.level":"INFO","message":"Tomcat started on port 8080 (http) with context path '/'","process.thread.name":"main","log.logger":"org.springframework.boot.web.embedded.tomcat.TomcatWebServer"}
{"@timestamp":"2025-07-09T22:41:41.216Z","ecs.version":"1.2.0","log.level":"INFO","message":"Started MyApplication in 4.596 seconds (process running for 9.865)","process.thread.name":"main","log.logger":"com.sz.reservation.MyApplication"}
{"@timestamp":"2025-07-09T22:41:41.221Z","ecs.version":"1.2.0","log.level":"INFO","message":"LOGGING","process.thread.name":"main","log.logger":"com.sz.reservation.MyApplication"}
{"@timestamp":"2025-07-09T22:44:56.000Z","ecs.version":"1.2.0","log.level":"INFO","message":"Commencing graceful shutdown. Waiting for active requests to complete","process.thread.name":"SpringApplicationShutdownHook","log.logger":"org.springframework.boot.web.embedded.tomcat.GracefulShutdown"}
{"@timestamp":"2025-07-09T22:44:56.171Z","ecs.version":"1.2.0","log.level":"INFO","message":"Graceful shutdown complete","process.thread.name":"tomcat-shutdown","log.logger":"org.springframework.boot.web.embedded.tomcat.GracefulShutdown"}
{"@timestamp":"2025-07-09T22:44:56.174Z","ecs.version":"1.2.0","log.level":"INFO","message":"No publications outstanding!","process.thread.name":"SpringApplicationShutdownHook","log.logger":"org.springframework.modulith.events.core.DefaultEventPublicationRegistry"}
{"@timestamp":"2025-07-09T22:44:56.175Z","ecs.version":"1.2.0","log.level":"INFO","message":"HikariPool-3 - Shutdown initiated...","process.thread.name":"SpringApplicationShutdownHook","log.logger":"com.zaxxer.hikari.HikariDataSource"}
{"@timestamp":"2025-07-09T22:44:56.178Z","ecs.version":"1.2.0","log.level":"INFO","message":"HikariPool-3 - Shutdown completed.","process.thread.name":"SpringApplicationShutdownHook","log.logger":"com.zaxxer.hikari.HikariDataSource"}
{"@timestamp":"2025-07-09T22:44:56.178Z","ecs.version":"1.2.0","log.level":"INFO","message":"HikariPool-2 - Shutdown initiated...","process.thread.name":"SpringApplicationShutdownHook","log.logger":"com.zaxxer.hikari.HikariDataSource"}
{"@timestamp":"2025-07-09T22:44:56.180Z","ecs.version":"1.2.0","log.level":"INFO","message":"HikariPool-2 - Shutdown completed.","process.thread.name":"SpringApplicationShutdownHook","log.logger":"com.zaxxer.hikari.HikariDataSource"}
{"@timestamp":"2025-07-09T22:44:56.181Z","ecs.version":"1.2.0","log.level":"INFO","message":"HikariPool-1 - Shutdown initiated...","process.thread.name":"SpringApplicationShutdownHook","log.logger":"com.zaxxer.hikari.HikariDataSource"}
{"@timestamp":"2025-07-09T22:44:56.183Z","ecs.version":"1.2.0","log.level":"INFO","message":"HikariPool-1 - Shutdown completed.","process.thread.name":"SpringApplicationShutdownHook","log.logger":"com.zaxxer.hikari.HikariDataSource"}
